#
# A fatal error has been detected by the Java Runtime Environment:
#
#  SIGSEGV (0xb) at pc=0x00000001094b9d89, pid=40616, tid=13315
#
# JRE version: Java(TM) SE Runtime Environment (8.0_60-b27) (build 1.8.0_60-b27)
# Java VM: Java HotSpot(TM) 64-Bit Server VM (25.60-b23 mixed mode bsd-amd64 compressed oops)
# Problematic frame:
# V  [libjvm.dylib+0x4b9d89]
#
# Failed to write core dump. Core dumps have been disabled. To enable core dumping, try "ulimit -c unlimited" before starting Java again
#
# If you would like to submit a bug report, please visit:
#   http://bugreport.java.com/bugreport/crash.jsp
#

---------------  T H R E A D  ---------------

Current thread (0x00007fc08a80e800):  VMThread [stack: 0x0000700000a35000,0x0000700000b35000] [id=13315]

siginfo: si_signo: 11 (SIGSEGV), si_code: 0 (unknown), si_addr: 0x0000000000000000

Registers:
RAX=0x03fec3fff7dca048, RBX=0x00000001bb2e7f98, RCX=0x000000011bb4a000, RDX=0x0000000000000000
RSP=0x0000700000b34410, RBP=0x0000700000b34410, RSI=0x1ff61fffbee50245, RDI=0x00000001098dede0
R8 =0x0000000000000000, R9 =0x0000000109828fa8, R10=0x00000000ffffffff, R11=0xffffffff00000000
R12=0x00000001bb2e7e18, R13=0x00000001bb2e7f48, R14=0x0000000000000000, R15=0x00000001098dede0
RIP=0x00000001094b9d89, EFLAGS=0x0000000000010206, ERR=0x0000000000000000
  TRAPNO=0x000000000000000d

Top of Stack: (sp=0x0000700000b34410)
0x0000700000b34410:   0000700000b34420 00000001093ab02d
0x0000700000b34420:   0000700000b34560 000000010944caa8
0x0000700000b34430:   0000700000b34490 00000001090a5763
0x0000700000b34440:   0000700000b34470 0000000000000000
0x0000700000b34450:   0000000000000000 0000000000000000
0x0000700000b34460:   0000000000000000 0000000000000000
0x0000700000b34470:   0000000000007fe8 00007fc09414b800
0x0000700000b34480:   0000000000000000 0000000000007fd8
0x0000700000b34490:   0000700000b344e0 00000001090a4d20
0x0000700000b344a0:   0000700000b344c0 00007fff99c5f0dc
0x0000700000b344b0:   0000000000000000 0000700000b34518
0x0000700000b344c0:   0000000000000010 00007fc09414b800
0x0000700000b344d0:   00007fc088f0c2a0 0000000000007fd8
0x0000700000b344e0:   0000700000b344f0 00000001093ab02d
0x0000700000b344f0:   0000700000b34530 000000010944b961
0x0000700000b34500:   0000700000b34530 000000010944c8e0
0x0000700000b34510:   00000007c0030238 00000001098dede0
0x0000700000b34520:   00000001bb2e7e18 00000001098dede0
0x0000700000b34530:   0000700000b34560 00000001098dede0
0x0000700000b34540:   00000007c0030238 00000007c0571528
0x0000700000b34550:   00000007c0030420 0000000000000002
0x0000700000b34560:   0000700000b34590 00000001092b7b00
0x0000700000b34570:   0000700000b34590 00000001098dede0
0x0000700000b34580:   0000700000b345b0 00000007c0030420
0x0000700000b34590:   0000700000b34620 00000001093abbb1
0x0000700000b345a0:   00000001098c8c20 0000000100b34530
0x0000700000b345b0:   0000000109825aa0 00000000000001fe
0x0000700000b345c0:   ffffffffffffff00 0000000000000004
0x0000700000b345d0:   000000000000018b 0000000000000000
0x0000700000b345e0:   0000000000000000 00007fc08ac23c00
0x0000700000b345f0:   0000000000000000 0000700000b34700
0x0000700000b34600:   0000000000000000 00007fc0928a3c30 

Instructions: (pc=0x00000001094b9d89)
0x00000001094b9d69:   48 2b 35 b0 50 42 00 48 c1 ee 03 48 d3 ee 48 89
0x00000001094b9d79:   f0 48 83 e0 c0 48 c1 e8 03 48 8b 0d c7 50 42 00
0x00000001094b9d89:   48 8b 04 01 48 0f a3 f0 0f 92 c0 0f b6 c0 5d c3
0x00000001094b9d99:   90 55 48 89 e5 48 8b 06 48 8b 80 68 01 00 00 48 

Register to memory mapping:

RAX=0x03fec3fff7dca048 is an unknown value
RBX=0x00000001bb2e7f98 is pointing into metadata
RCX=0x000000011bb4a000 is an unknown value
RDX=0x0000000000000000 is an unknown value
RSP=0x0000700000b34410 is an unknown value
RBP=0x0000700000b34410 is an unknown value
RSI=0x1ff61fffbee50245 is an unknown value
RDI=0x00000001098dede0: _ZN17PSParallelCompact17_is_alive_closureE+0 in /Library/Java/JavaVirtualMachines/jdk1.8.0_60.jdk/Contents/Home/jre/lib/server/libjvm.dylib at 0x0000000109000000
R8 =0x0000000000000000 is an unknown value
R9 =0x0000000109828fa8: _ZL8tc_mutex+0x18 in /Library/Java/JavaVirtualMachines/jdk1.8.0_60.jdk/Contents/Home/jre/lib/server/libjvm.dylib at 0x0000000109000000
R10=0x00000000ffffffff is an unknown value
R11=0xffffffff00000000 is an unknown value
R12=0x00000001bb2e7e18 is pointing into metadata
R13=0x00000001bb2e7f48 is pointing into metadata
R14=0x0000000000000000 is an unknown value
R15=0x00000001098dede0: _ZN17PSParallelCompact17_is_alive_closureE+0 in /Library/Java/JavaVirtualMachines/jdk1.8.0_60.jdk/Contents/Home/jre/lib/server/libjvm.dylib at 0x0000000109000000


Stack: [0x0000700000a35000,0x0000700000b35000],  sp=0x0000700000b34410,  free space=1021k
Native frames: (J=compiled Java code, j=interpreted, Vv=VM code, C=native code)
V  [libjvm.dylib+0x4b9d89]
V  [libjvm.dylib+0x3ab02d]
V  [libjvm.dylib+0x44caa8]
V  [libjvm.dylib+0x2b7b00]
V  [libjvm.dylib+0x3abbb1]
V  [libjvm.dylib+0x4bc751]
V  [libjvm.dylib+0x4bdc25]
V  [libjvm.dylib+0x4c2240]
V  [libjvm.dylib+0x495775]
V  [libjvm.dylib+0x5a78f4]
V  [libjvm.dylib+0x5ae00d]
V  [libjvm.dylib+0x5ac677]
V  [libjvm.dylib+0x5acac4]
V  [libjvm.dylib+0x5ac3e3]
V  [libjvm.dylib+0x48343a]
C  [libsystem_pthread.dylib+0x3c13]  _pthread_body+0x83
C  [libsystem_pthread.dylib+0x3b90]  _pthread_body+0x0
C  [libsystem_pthread.dylib+0x1375]  thread_start+0xd

VM_Operation (0x0000700002aa1ef8): ParallelGCFailedAllocation, mode: safepoint, requested by thread 0x00007fc0908cd000


---------------  P R O C E S S  ---------------

Java Threads: ( => current thread )
  0x00007fc0908cd000 JavaThread "Thread-10" [_thread_blocked, id=70163, stack(0x00007000029a4000,0x0000700002aa4000)]
  0x00007fc089d0b000 JavaThread "RMI TCP Connection(5)-10.105.7.245" daemon [_thread_blocked, id=65563, stack(0x000070000238f000,0x000070000248f000)]
  0x00007fc089522000 JavaThread "JMX server connection timeout 39" daemon [_thread_blocked, id=65407, stack(0x000070000228c000,0x000070000238c000)]
  0x00007fc0893fb800 JavaThread "RMI Scheduler(0)" daemon [_thread_blocked, id=60723, stack(0x0000700002189000,0x0000700002289000)]
  0x00007fc090848000 JavaThread "RMI TCP Connection(6)-10.105.7.245" daemon [_thread_blocked, id=34595, stack(0x0000700001dfd000,0x0000700001efd000)]
  0x00007fc089895000 JavaThread "RMI TCP Accept-0" daemon [_thread_in_native, id=15367, stack(0x000070000196b000,0x0000700001a6b000)]
  0x00007fc08c045000 JavaThread "Attach Listener" daemon [_thread_blocked, id=16651, stack(0x0000700000d3e000,0x0000700000e3e000)]
  0x00007fc08abfb000 JavaThread "TimerQueue" daemon [_thread_blocked, id=61639, stack(0x0000700002003000,0x0000700002103000)]
  0x00007fc08ab96000 JavaThread "Timer-0" daemon [_thread_blocked, id=60483, stack(0x0000700001f00000,0x0000700002000000)]
  0x00007fc08911e000 JavaThread "Java2D Disposer" daemon [_thread_blocked, id=57867, stack(0x0000700001cfa000,0x0000700001dfa000)]
  0x00007fc0890b4800 JavaThread "Java2D Queue Flusher" daemon [_thread_blocked, id=54791, stack(0x0000700001bf7000,0x0000700001cf7000)]
  0x00007fc089a6a000 JavaThread "DestroyJavaVM" [_thread_blocked, id=5891, stack(0x000070000011a000,0x000070000021a000)]
  0x00007fc089a63000 JavaThread "AWT-EventQueue-0" [_thread_blocked, id=47631, stack(0x0000700001af4000,0x0000700001bf4000)]
  0x00007fc08a0a4800 JavaThread "AWT-Shutdown" [_thread_blocked, id=32531, stack(0x0000700001762000,0x0000700001862000)]
  0x00007fc089a24000 JavaThread "AppKit Thread" daemon [_thread_in_native, id=2571, stack(0x00007fff57818000,0x00007fff58018000)]
  0x00007fc0898e0800 JavaThread "Monitor Ctrl-Break" daemon [_thread_in_native, id=22531, stack(0x00007000015dc000,0x00007000016dc000)]
  0x00007fc089865800 JavaThread "Service Thread" daemon [_thread_blocked, id=21507, stack(0x00007000013d6000,0x00007000014d6000)]
  0x00007fc08a827800 JavaThread "C1 CompilerThread3" daemon [_thread_blocked, id=20995, stack(0x00007000012d3000,0x00007000013d3000)]
  0x00007fc08a826800 JavaThread "C2 CompilerThread2" daemon [_thread_blocked, id=20483, stack(0x00007000011d0000,0x00007000012d0000)]
  0x00007fc08a816000 JavaThread "C2 CompilerThread1" daemon [_thread_blocked, id=19971, stack(0x00007000010cd000,0x00007000011cd000)]
  0x00007fc089818000 JavaThread "C2 CompilerThread0" daemon [_thread_blocked, id=19459, stack(0x0000700000fca000,0x00007000010ca000)]
  0x00007fc08983e000 JavaThread "Signal Dispatcher" daemon [_thread_blocked, id=18707, stack(0x0000700000ec7000,0x0000700000fc7000)]
  0x00007fc089801000 JavaThread "Finalizer" daemon [_thread_blocked, id=14339, stack(0x0000700000c3b000,0x0000700000d3b000)]
  0x00007fc089004000 JavaThread "Reference Handler" daemon [_thread_blocked, id=13827, stack(0x0000700000b38000,0x0000700000c38000)]

Other Threads:
=>0x00007fc08a80e800 VMThread [stack: 0x0000700000a35000,0x0000700000b35000] [id=13315]
  0x00007fc08a852800 WatcherThread [stack: 0x00007000014d9000,0x00007000015d9000] [id=22019]

VM state:at safepoint (normal execution)

VM Mutex/Monitor currently owned by a thread:  ([mutex/lock_event])
[0x00007fc088f02530] Threads_lock - owner thread: 0x00007fc08a80e800
[0x00007fc088f02a30] Heap_lock - owner thread: 0x00007fc0908cd000

Heap:
 PSYoungGen      total 1700352K, used 903420K [0x00000006c0000000, 0x000000077cb00000, 0x00000007c0000000)
  eden space 479232K, 0% used [0x00000006c0000000,0x00000006c0000000,0x00000006dd400000)
  from space 1221120K, 73% used [0x00000006dd400000,0x000000071463f060,0x0000000727c80000)
  to   space 1277952K, 0% used [0x000000072eb00000,0x000000072eb00000,0x000000077cb00000)
 ParOldGen       total 2056704K, used 2030718K [0x00000004c0000000, 0x000000053d880000, 0x00000006c0000000)
  object space 2056704K, 98% used [0x00000004c0000000,0x000000053bf1fb10,0x000000053d880000)
 Metaspace       used 60092K, capacity 61186K, committed 61312K, reserved 1105920K
  class space    used 5426K, capacity 5717K, committed 5760K, reserved 1048576K

Card table byte_map: [0x0000000119349000,0x000000011ab4a000] byte_map_base: 0x0000000116d49000

Marking Bits: (ParMarkBitMap*) 0x00000001098dee20
 Begin Bits: [0x000000011bb4a000, 0x0000000127b4a000)
 End Bits:   [0x0000000127b4a000, 0x0000000133b4a000)

Polling page: 0x0000000107eab000

CodeCache: size=245760Kb used=15501Kb max_used=15521Kb free=230258Kb
 bounds [0x0000000109f89000, 0x000000010af09000, 0x0000000118f89000]
 total_blobs=4718 nmethods=4084 adapters=545
 compilation: enabled

Compilation events (10 events):
Event: 266.536 Thread 0x00007fc08a816000 7334       4       java.awt.EventQueue::cacheEQItem (60 bytes)
Event: 266.536 Thread 0x00007fc089818000 7335   !   4       sun.java2d.pipe.DrawImage::renderImageScale (158 bytes)
Event: 266.538 Thread 0x00007fc08a816000 nmethod 7334 0x000000010aa33090 code [0x000000010aa33200, 0x000000010aa333d8]
Event: 266.538 Thread 0x00007fc08a816000 7336       4       sun.java2d.pipe.DrawImage::scaleSurfaceData (79 bytes)
Event: 266.581 Thread 0x00007fc08a816000 nmethod 7336 0x000000010accbed0 code [0x000000010accc1e0, 0x000000010acce3a0]
Event: 266.612 Thread 0x00007fc089818000 nmethod 7335 0x000000010ad25850 code [0x000000010ad25c00, 0x000000010ad28500]
Event: 266.736 Thread 0x00007fc08a827800 7337       3       sun.awt.AWTAutoShutdown::notifyToolkitThreadBusy (8 bytes)
Event: 266.736 Thread 0x00007fc08a827800 nmethod 7337 0x000000010a4bfb10 code [0x000000010a4bfc80, 0x000000010a4bfe48]
Event: 266.736 Thread 0x00007fc08a827800 7338       3       sun.awt.AWTAutoShutdown::notifyToolkitThreadFree (8 bytes)
Event: 266.736 Thread 0x00007fc08a827800 nmethod 7338 0x000000010abd0c50 code [0x000000010abd0dc0, 0x000000010abd0f88]

GC Heap History (10 events):
Event: 249.464 GC heap after
Heap after GC invocations=230 (full 15):
 PSYoungGen      total 1394176K, used 802981K [0x00000006c0000000, 0x0000000758a80000, 0x00000007c0000000)
  eden space 547840K, 0% used [0x00000006c0000000,0x00000006c0000000,0x00000006e1700000)
  from space 846336K, 94% used [0x00000006e1700000,0x0000000712729790,0x0000000715180000)
  to   space 946176K, 0% used [0x000000071ee80000,0x000000071ee80000,0x0000000758a80000)
 ParOldGen       total 2056704K, used 1836357K [0x00000004c0000000, 0x000000053d880000, 0x00000006c0000000)
  object space 2056704K, 89% used [0x00000004c0000000,0x0000000530151640,0x000000053d880000)
 Metaspace       used 59120K, capacity 60258K, committed 60544K, reserved 1103872K
  class space    used 5374K, capacity 5685K, committed 5760K, reserved 1048576K
}
Event: 249.994 GC heap before
{Heap before GC invocations=231 (full 15):
 PSYoungGen      total 1394176K, used 1350821K [0x00000006c0000000, 0x0000000758a80000, 0x00000007c0000000)
  eden space 547840K, 100% used [0x00000006c0000000,0x00000006e1700000,0x00000006e1700000)
  from space 846336K, 94% used [0x00000006e1700000,0x0000000712729790,0x0000000715180000)
  to   space 946176K, 0% used [0x000000071ee80000,0x000000071ee80000,0x0000000758a80000)
 ParOldGen       total 2056704K, used 1836357K [0x00000004c0000000, 0x000000053d880000, 0x00000006c0000000)
  object space 2056704K, 89% used [0x00000004c0000000,0x0000000530151640,0x000000053d880000)
 Metaspace       used 59120K, capacity 60258K, committed 60544K, reserved 1103872K
  class space    used 5374K, capacity 5685K, committed 5760K, reserved 1048576K
Event: 250.329 GC heap after
Heap after GC invocations=231 (full 15):
 PSYoungGen      total 1453056K, used 862981K [0x00000006c0000000, 0x0000000765480000, 0x00000007c0000000)
  eden space 506880K, 0% used [0x00000006c0000000,0x00000006c0000000,0x00000006def00000)
  from space 946176K, 91% used [0x000000071ee80000,0x0000000753941750,0x0000000758a80000)
  to   space 1048064K, 0% used [0x00000006def00000,0x00000006def00000,0x000000071ee80000)
 ParOldGen       total 2056704K, used 1856518K [0x00000004c0000000, 0x000000053d880000, 0x00000006c0000000)
  object space 2056704K, 90% used [0x00000004c0000000,0x00000005315019a0,0x000000053d880000)
 Metaspace       used 59120K, capacity 60258K, committed 60544K, reserved 1103872K
  class space    used 5374K, capacity 5685K, committed 5760K, reserved 1048576K
}
Event: 264.900 GC heap before
{Heap before GC invocations=232 (full 15):
 PSYoungGen      total 1453056K, used 1369861K [0x00000006c0000000, 0x0000000765480000, 0x00000007c0000000)
  eden space 506880K, 100% used [0x00000006c0000000,0x00000006def00000,0x00000006def00000)
  from space 946176K, 91% used [0x000000071ee80000,0x0000000753941750,0x0000000758a80000)
  to   space 1048064K, 0% used [0x00000006def00000,0x00000006def00000,0x000000071ee80000)
 ParOldGen       total 2056704K, used 1856518K [0x00000004c0000000, 0x000000053d880000, 0x00000006c0000000)
  object space 2056704K, 90% used [0x00000004c0000000,0x00000005315019a0,0x000000053d880000)
 Metaspace       used 60089K, capacity 61186K, committed 61312K, reserved 1105920K
  class space    used 5426K, capacity 5717K, committed 5760K, reserved 1048576K
Event: 265.242 GC heap after
Heap after GC invocations=232 (full 15):
 PSYoungGen      total 1554944K, used 898055K [0x00000006c0000000, 0x000000076d700000, 0x00000007c0000000)
  eden space 506880K, 0% used [0x00000006c0000000,0x00000006c0000000,0x00000006def00000)
  from space 1048064K, 85% used [0x00000006def00000,0x0000000715c01c80,0x000000071ee80000)
  to   space 1141248K, 0% used [0x0000000727c80000,0x0000000727c80000,0x000000076d700000)
 ParOldGen       total 2056704K, used 1886817K [0x00000004c0000000, 0x000000053d880000, 0x00000006c0000000)
  object space 2056704K, 91% used [0x00000004c0000000,0x00000005332985f8,0x000000053d880000)
 Metaspace       used 60089K, capacity 61186K, committed 61312K, reserved 1105920K
  class space    used 5426K, capacity 5717K, committed 5760K, reserved 1048576K
}
Event: 266.010 GC heap before
{Heap before GC invocations=233 (full 15):
 PSYoungGen      total 1554944K, used 1404935K [0x00000006c0000000, 0x000000076d700000, 0x00000007c0000000)
  eden space 506880K, 100% used [0x00000006c0000000,0x00000006def00000,0x00000006def00000)
  from space 1048064K, 85% used [0x00000006def00000,0x0000000715c01c80,0x000000071ee80000)
  to   space 1141248K, 0% used [0x0000000727c80000,0x0000000727c80000,0x000000076d700000)
 ParOldGen       total 2056704K, used 1886817K [0x00000004c0000000, 0x000000053d880000, 0x00000006c0000000)
  object space 2056704K, 91% used [0x00000004c0000000,0x00000005332985f8,0x000000053d880000)
 Metaspace       used 60091K, capacity 61186K, committed 61312K, reserved 1105920K
  class space    used 5426K, capacity 5717K, committed 5760K, reserved 1048576K
Event: 266.408 GC heap after
Heap after GC invocations=233 (full 15):
 PSYoungGen      total 1620480K, used 914873K [0x00000006c0000000, 0x0000000777600000, 0x00000007c0000000)
  eden space 479232K, 0% used [0x00000006c0000000,0x00000006c0000000,0x00000006dd400000)
  from space 1141248K, 80% used [0x0000000727c80000,0x000000075f9ee728,0x000000076d700000)
  to   space 1221120K, 0% used [0x00000006dd400000,0x00000006dd400000,0x0000000727c80000)
 ParOldGen       total 2056704K, used 1943745K [0x00000004c0000000, 0x000000053d880000, 0x00000006c0000000)
  object space 2056704K, 94% used [0x00000004c0000000,0x0000000536a305f8,0x000000053d880000)
 Metaspace       used 60091K, capacity 61186K, committed 61312K, reserved 1105920K
  class space    used 5426K, capacity 5717K, committed 5760K, reserved 1048576K
}
Event: 266.826 GC heap before
{Heap before GC invocations=234 (full 15):
 PSYoungGen      total 1620480K, used 1394105K [0x00000006c0000000, 0x0000000777600000, 0x00000007c0000000)
  eden space 479232K, 100% used [0x00000006c0000000,0x00000006dd400000,0x00000006dd400000)
  from space 1141248K, 80% used [0x0000000727c80000,0x000000075f9ee728,0x000000076d700000)
  to   space 1221120K, 0% used [0x00000006dd400000,0x00000006dd400000,0x0000000727c80000)
 ParOldGen       total 2056704K, used 1943745K [0x00000004c0000000, 0x000000053d880000, 0x00000006c0000000)
  object space 2056704K, 94% used [0x00000004c0000000,0x0000000536a305f8,0x000000053d880000)
 Metaspace       used 60092K, capacity 61186K, committed 61312K, reserved 1105920K
  class space    used 5426K, capacity 5717K, committed 5760K, reserved 1048576K
Event: 267.136 GC heap after
Heap after GC invocations=234 (full 15):
 PSYoungGen      total 1700352K, used 903420K [0x00000006c0000000, 0x000000077cb00000, 0x00000007c0000000)
  eden space 479232K, 0% used [0x00000006c0000000,0x00000006c0000000,0x00000006dd400000)
  from space 1221120K, 73% used [0x00000006dd400000,0x000000071463f060,0x0000000727c80000)
  to   space 1277952K, 0% used [0x000000072eb00000,0x000000072eb00000,0x000000077cb00000)
 ParOldGen       total 2056704K, used 2030718K [0x00000004c0000000, 0x000000053d880000, 0x00000006c0000000)
  object space 2056704K, 98% used [0x00000004c0000000,0x000000053bf1fb10,0x000000053d880000)
 Metaspace       used 60092K, capacity 61186K, committed 61312K, reserved 1105920K
  class space    used 5426K, capacity 5717K, committed 5760K, reserved 1048576K
}
Event: 267.137 GC heap before
{Heap before GC invocations=235 (full 16):
 PSYoungGen      total 1700352K, used 903420K [0x00000006c0000000, 0x000000077cb00000, 0x00000007c0000000)
  eden space 479232K, 0% used [0x00000006c0000000,0x00000006c0000000,0x00000006dd400000)
  from space 1221120K, 73% used [0x00000006dd400000,0x000000071463f060,0x0000000727c80000)
  to   space 1277952K, 0% used [0x000000072eb00000,0x000000072eb00000,0x000000077cb00000)
 ParOldGen       total 2056704K, used 2030718K [0x00000004c0000000, 0x000000053d880000, 0x00000006c0000000)
  object space 2056704K, 98% used [0x00000004c0000000,0x000000053bf1fb10,0x000000053d880000)
 Metaspace       used 60092K, capacity 61186K, committed 61312K, reserved 1105920K
  class space    used 5426K, capacity 5717K, committed 5760K, reserved 1048576K

Deoptimization events (10 events):
Event: 250.408 Thread 0x00007fc0908cd000 Uncommon trap: reason=unstable_if action=reinterpret pc=0x000000010abbfc10 method=org.netbeans.lib.profiler.server.ProfilerRuntimeCPUFullInstr.methodEntry(C)V @ 3
Event: 250.408 Thread 0x00007fc0908cd000 Uncommon trap: reason=unstable_if action=reinterpret pc=0x000000010a8eefd8 method=org.netbeans.lib.profiler.server.ProfilerRuntimeCPUFullInstr.methodEntry(C)V @ 3
Event: 250.408 Thread 0x00007fc0908cd000 Uncommon trap: reason=unstable_if action=reinterpret pc=0x000000010ac0bf58 method=org.netbeans.lib.profiler.server.ProfilerRuntimeCPUFullInstr.methodEntry(C)V @ 3
Event: 250.415 Thread 0x00007fc089a63000 Uncommon trap: reason=unstable_if action=reinterpret pc=0x000000010ab5db20 method=org.netbeans.lib.profiler.server.ProfilerRuntimeCPUFullInstr.rootMethodEntry(C)V @ 3
Event: 250.416 Thread 0x00007fc089a63000 Uncommon trap: reason=unstable_if action=reinterpret pc=0x000000010a86fb74 method=org.netbeans.lib.profiler.server.ProfilerRuntimeCPUFullInstr.methodExit(C)V @ 3
Event: 250.416 Thread 0x00007fc090841000 Uncommon trap: reason=unloaded action=reinterpret pc=0x000000010ac3ddb8 method=org.netbeans.lib.profiler.wireprotocol.WireIO.receiveCommandOrResponse()Ljava/lang/Object; @ 424
Event: 250.417 Thread 0x00007fc089a63000 Uncommon trap: reason=unstable_if action=reinterpret pc=0x000000010abac65c method=org.netbeans.lib.profiler.server.ProfilerRuntimeCPUFullInstr.methodExit(C)V @ 3
Event: 250.418 Thread 0x00007fc08c938000 Uncommon trap: reason=unstable_if action=reinterpret pc=0x000000010a6cae18 method=org.netbeans.lib.profiler.server.ProfilerRuntimeCPU.handleJavaLangReflectMethodInvoke(Ljava/lang/reflect/Method;)V @ 3
Event: 250.421 Thread 0x00007fc08c938000 Uncommon trap: reason=unstable_if action=reinterpret pc=0x000000010a6d9d70 method=org.netbeans.lib.profiler.server.ProfilerRuntimeCPU.handleJavaLangReflectMethodInvoke(Ljava/lang/reflect/Method;)V @ 3
Event: 250.485 Thread 0x00007fc08c938000 Uncommon trap: reason=unstable_if action=reinterpret pc=0x000000010a9e0b34 method=java.nio.charset.CharsetDecoder.decode(Ljava/nio/ByteBuffer;Ljava/nio/CharBuffer;Z)Ljava/nio/charset/CoderResult; @ 1

Internal exceptions (10 events):
Event: 233.782 Thread 0x00007fc0908cd000 Implicit null exception at 0x000000010a4f98b3 to 0x000000010a4f9cae
Event: 233.783 Thread 0x00007fc0908cd000 Exception <a 'java/lang/ClassNotFoundException': edu/umn/biomedicus/acronym/VectorSpaceDoubleBeanInfo> (0x00000006c7ace000) thrown at [/Users/java_re/workspace/8-2-build-macosx-x86_64/jdk8u60/4407/hotspot/src/share/vm/classfile/systemDictionary.cpp, line 
Event: 233.783 Thread 0x00007fc0908cd000 Exception <a 'java/lang/ClassNotFoundException': edu/umn/biomedicus/acronym/VectorSpaceDoubleCustomizer> (0x00000006c7ae1b60) thrown at [/Users/java_re/workspace/8-2-build-macosx-x86_64/jdk8u60/4407/hotspot/src/share/vm/classfile/systemDictionary.cpp, lin
Event: 233.938 Thread 0x00007fc0908cd000 Implicit null exception at 0x000000010ab921d7 to 0x000000010ab9261b
Event: 233.939 Thread 0x00007fc0908cd000 Exception <a 'java/lang/ClassNotFoundException': edu/umn/biomedicus/acronym/WordVectorDoubleBeanInfo> (0x00000006c9f26478) thrown at [/Users/java_re/workspace/8-2-build-macosx-x86_64/jdk8u60/4407/hotspot/src/share/vm/classfile/systemDictionary.cpp, line 2
Event: 233.939 Thread 0x00007fc0908cd000 Exception <a 'java/lang/ClassNotFoundException': edu/umn/biomedicus/acronym/WordVectorDoubleCustomizer> (0x00000006c9f39f68) thrown at [/Users/java_re/workspace/8-2-build-macosx-x86_64/jdk8u60/4407/hotspot/src/share/vm/classfile/systemDictionary.cpp, line
Event: 236.659 Thread 0x00007fc0908cd000 Exception <a 'java/lang/ClassNotFoundException': edu/umn/biomedicus/acronym/AlignmentModelBeanInfo> (0x00000006c8dd1508) thrown at [/Users/java_re/workspace/8-2-build-macosx-x86_64/jdk8u60/4407/hotspot/src/share/vm/classfile/systemDictionary.cpp, line 210
Event: 236.660 Thread 0x00007fc0908cd000 Exception <a 'java/lang/ClassNotFoundException': edu/umn/biomedicus/acronym/AlignmentModelCustomizer> (0x00000006c8de4ba0) thrown at [/Users/java_re/workspace/8-2-build-macosx-x86_64/jdk8u60/4407/hotspot/src/share/vm/classfile/systemDictionary.cpp, line 2
Event: 243.214 Thread 0x00007fc0908cd000 Exception <a 'java/lang/NoSuchMethodError': java.lang.Object.lambda$chars$1()Ljava/util/Spliterator$OfInt;> (0x00000006d1a77fe0) thrown at [/Users/java_re/workspace/8-2-build-macosx-x86_64/jdk8u60/4407/hotspot/src/share/vm/interpreter/linkResolver.cpp, li
Event: 243.534 Thread 0x00007fc0908cd000 Implicit null exception at 0x000000010a4c9d48 to 0x000000010a4cae0d

Events (10 events):
Event: 265.609 Thread 0x00007fc0908cd000 DEOPT UNPACKING pc=0x0000000109fd0633 sp=0x0000700002aa1a98 mode 0
Event: 265.708 Executing VM operation: ThreadDump
Event: 265.708 Executing VM operation: ThreadDump done
Event: 265.824 Thread 0x00007fc0908cd000 DEOPT PACKING pc=0x000000010ab96859 sp=0x0000700002aa21e0
Event: 265.824 Thread 0x00007fc0908cd000 DEOPT UNPACKING pc=0x0000000109fd0633 sp=0x0000700002aa1fe0 mode 0
Event: 266.010 Executing VM operation: ParallelGCFailedAllocation
Event: 266.408 Executing VM operation: ParallelGCFailedAllocation done
Event: 266.706 Executing VM operation: ThreadDump
Event: 266.707 Executing VM operation: ThreadDump done
Event: 266.826 Executing VM operation: ParallelGCFailedAllocation


Dynamic libraries:
0x000000000b75a000 	/System/Library/Frameworks/Cocoa.framework/Versions/A/Cocoa
0x000000000b75a000 	/System/Library/Frameworks/Security.framework/Versions/A/Security
0x000000000b75a000 	/System/Library/Frameworks/ApplicationServices.framework/Versions/A/ApplicationServices
0x000000000b75a000 	/usr/lib/libz.1.dylib
0x000000000b75a000 	/usr/lib/libSystem.B.dylib
0x000000000b75a000 	/usr/lib/libobjc.A.dylib
0x000000000b75a000 	/System/Library/Frameworks/CoreFoundation.framework/Versions/A/CoreFoundation
0x000000000b75a000 	/System/Library/Frameworks/Foundation.framework/Versions/C/Foundation
0x000000000b75a000 	/System/Library/Frameworks/AppKit.framework/Versions/C/AppKit
0x000000000b75a000 	/System/Library/Frameworks/CoreData.framework/Versions/A/CoreData
0x000000000b75a000 	/System/Library/PrivateFrameworks/RemoteViewServices.framework/Versions/A/RemoteViewServices
0x000000000b75a000 	/System/Library/PrivateFrameworks/UIFoundation.framework/Versions/A/UIFoundation
0x000000000b75a000 	/usr/lib/libScreenReader.dylib
0x000000000b75a000 	/System/Library/Frameworks/Accelerate.framework/Versions/A/Accelerate
0x000000000b75a000 	/System/Library/Frameworks/IOSurface.framework/Versions/A/IOSurface
0x000000000b75a000 	/System/Library/Frameworks/AudioToolbox.framework/Versions/A/AudioToolbox
0x000000000b75a000 	/System/Library/Frameworks/AudioUnit.framework/Versions/A/AudioUnit
0x000000000b75a000 	/System/Library/PrivateFrameworks/DataDetectorsCore.framework/Versions/A/DataDetectorsCore
0x000000000b75a000 	/System/Library/PrivateFrameworks/DesktopServicesPriv.framework/Versions/A/DesktopServicesPriv
0x000000000b75a000 	/System/Library/Frameworks/Carbon.framework/Versions/A/Frameworks/HIToolbox.framework/Versions/A/HIToolbox
0x000000000b75a000 	/System/Library/Frameworks/QuartzCore.framework/Versions/A/QuartzCore
0x000000000b75a000 	/System/Library/Frameworks/Carbon.framework/Versions/A/Frameworks/SpeechRecognition.framework/Versions/A/SpeechRecognition
0x000000000b75a000 	/usr/lib/libauto.dylib
0x000000000b75a000 	/usr/lib/libicucore.A.dylib
0x000000000b75a000 	/usr/lib/libxml2.2.dylib
0x000000000b75a000 	/System/Library/PrivateFrameworks/CoreUI.framework/Versions/A/CoreUI
0x000000000b75a000 	/System/Library/Frameworks/CoreAudio.framework/Versions/A/CoreAudio
0x000000000b75a000 	/System/Library/Frameworks/DiskArbitration.framework/Versions/A/DiskArbitration
0x000000000b75a000 	/usr/lib/liblangid.dylib
0x000000000b75a000 	/System/Library/PrivateFrameworks/MultitouchSupport.framework/Versions/A/MultitouchSupport
0x000000000b75a000 	/System/Library/Frameworks/IOKit.framework/Versions/A/IOKit
0x000000000b75a000 	/usr/lib/libDiagnosticMessagesClient.dylib
0x000000000b75a000 	/System/Library/Frameworks/CoreServices.framework/Versions/A/CoreServices
0x000000000b75a000 	/System/Library/PrivateFrameworks/PerformanceAnalysis.framework/Versions/A/PerformanceAnalysis
0x000000000b75a000 	/System/Library/PrivateFrameworks/GenerationalStorage.framework/Versions/A/GenerationalStorage
0x000000000b75a000 	/System/Library/Frameworks/OpenGL.framework/Versions/A/OpenGL
0x000000000b75a000 	/System/Library/PrivateFrameworks/Sharing.framework/Versions/A/Sharing
0x000000000b75a000 	/System/Library/Frameworks/CoreGraphics.framework/Versions/A/CoreGraphics
0x000000000b75a000 	/System/Library/Frameworks/CoreImage.framework/Versions/A/CoreImage
0x000000000b75a000 	/System/Library/Frameworks/CoreText.framework/Versions/A/CoreText
0x000000000b75a000 	/System/Library/Frameworks/ImageIO.framework/Versions/A/ImageIO
0x000000000b75a000 	/System/Library/PrivateFrameworks/Backup.framework/Versions/A/Backup
0x000000000b75a000 	/usr/lib/libextension.dylib
0x000000000b75a000 	/usr/lib/libarchive.2.dylib
0x000000000b75a000 	/System/Library/Frameworks/CFNetwork.framework/Versions/A/CFNetwork
0x000000000b75a000 	/System/Library/Frameworks/SystemConfiguration.framework/Versions/A/SystemConfiguration
0x000000000b75a000 	/usr/lib/libCRFSuite.dylib
0x000000000b75a000 	/usr/lib/libc++.1.dylib
0x000000000b75a000 	/usr/lib/libc++abi.dylib
0x000000000b75a000 	/usr/lib/system/libcache.dylib
0x000000000b75a000 	/usr/lib/system/libcommonCrypto.dylib
0x000000000b75a000 	/usr/lib/system/libcompiler_rt.dylib
0x000000000b75a000 	/usr/lib/system/libcopyfile.dylib
0x000000000b75a000 	/usr/lib/system/libcorecrypto.dylib
0x000000000b75a000 	/usr/lib/system/libdispatch.dylib
0x000000000b75a000 	/usr/lib/system/libdyld.dylib
0x000000000b75a000 	/usr/lib/system/libkeymgr.dylib
0x000000000b75a000 	/usr/lib/system/liblaunch.dylib
0x000000000b75a000 	/usr/lib/system/libmacho.dylib
0x000000000b75a000 	/usr/lib/system/libquarantine.dylib
0x000000000b75a000 	/usr/lib/system/libremovefile.dylib
0x000000000b75a000 	/usr/lib/system/libsystem_asl.dylib
0x000000000b75a000 	/usr/lib/system/libsystem_blocks.dylib
0x000000000b75a000 	/usr/lib/system/libsystem_c.dylib
0x000000000b75a000 	/usr/lib/system/libsystem_configuration.dylib
0x000000000b75a000 	/usr/lib/system/libsystem_coreservices.dylib
0x000000000b75a000 	/usr/lib/system/libsystem_coretls.dylib
0x000000000b75a000 	/usr/lib/system/libsystem_dnssd.dylib
0x000000000b75a000 	/usr/lib/system/libsystem_info.dylib
0x000000000b75a000 	/usr/lib/system/libsystem_kernel.dylib
0x000000000b75a000 	/usr/lib/system/libsystem_m.dylib
0x000000000b75a000 	/usr/lib/system/libsystem_malloc.dylib
0x000000000b75a000 	/usr/lib/system/libsystem_network.dylib
0x000000000b75a000 	/usr/lib/system/libsystem_networkextension.dylib
0x000000000b75a000 	/usr/lib/system/libsystem_notify.dylib
0x000000000b75a000 	/usr/lib/system/libsystem_platform.dylib
0x000000000b75a000 	/usr/lib/system/libsystem_pthread.dylib
0x000000000b75a000 	/usr/lib/system/libsystem_sandbox.dylib
0x000000000b75a000 	/usr/lib/system/libsystem_secinit.dylib
0x000000000b75a000 	/usr/lib/system/libsystem_trace.dylib
0x000000000b75a000 	/usr/lib/system/libunc.dylib
0x000000000b75a000 	/usr/lib/system/libunwind.dylib
0x000000000b75a000 	/usr/lib/system/libxpc.dylib
0x000000000b75a000 	/usr/lib/libenergytrace.dylib
0x000000000b75a000 	/usr/lib/libbsm.0.dylib
0x000000000b75a000 	/usr/lib/system/libkxld.dylib
0x000000000b75a000 	/usr/lib/libxar.1.dylib
0x000000000b75a000 	/usr/lib/libsqlite3.dylib
0x000000000b75a000 	/usr/lib/libpam.2.dylib
0x000000000b75a000 	/usr/lib/libOpenScriptingUtil.dylib
0x000000000b75a000 	/usr/lib/libbz2.1.0.dylib
0x000000000b75a000 	/usr/lib/liblzma.5.dylib
0x000000000b75a000 	/System/Library/Frameworks/CoreServices.framework/Versions/A/Frameworks/FSEvents.framework/Versions/A/FSEvents
0x000000000b75a000 	/System/Library/Frameworks/CoreServices.framework/Versions/A/Frameworks/CarbonCore.framework/Versions/A/CarbonCore
0x000000000b75a000 	/System/Library/Frameworks/CoreServices.framework/Versions/A/Frameworks/Metadata.framework/Versions/A/Metadata
0x000000000b75a000 	/System/Library/Frameworks/CoreServices.framework/Versions/A/Frameworks/OSServices.framework/Versions/A/OSServices
0x000000000b75a000 	/System/Library/Frameworks/CoreServices.framework/Versions/A/Frameworks/SearchKit.framework/Versions/A/SearchKit
0x000000000b75a000 	/System/Library/Frameworks/CoreServices.framework/Versions/A/Frameworks/AE.framework/Versions/A/AE
0x000000000b75a000 	/System/Library/Frameworks/CoreServices.framework/Versions/A/Frameworks/LaunchServices.framework/Versions/A/LaunchServices
0x000000000b75a000 	/System/Library/Frameworks/CoreServices.framework/Versions/A/Frameworks/DictionaryServices.framework/Versions/A/DictionaryServices
0x000000000b75a000 	/System/Library/Frameworks/CoreServices.framework/Versions/A/Frameworks/SharedFileList.framework/Versions/A/SharedFileList
0x000000000b75a000 	/System/Library/Frameworks/NetFS.framework/Versions/A/NetFS
0x000000000b75a000 	/System/Library/PrivateFrameworks/NetAuth.framework/Versions/A/NetAuth
0x000000000b75a000 	/System/Library/PrivateFrameworks/login.framework/Versions/A/Frameworks/loginsupport.framework/Versions/A/loginsupport
0x000000000b75a000 	/System/Library/PrivateFrameworks/TCC.framework/Versions/A/TCC
0x000000000b75a000 	/usr/lib/libmecabra.dylib
0x000000000b75a000 	/System/Library/Frameworks/ApplicationServices.framework/Versions/A/Frameworks/ATS.framework/Versions/A/ATS
0x000000000b75a000 	/System/Library/Frameworks/ApplicationServices.framework/Versions/A/Frameworks/ColorSync.framework/Versions/A/ColorSync
0x000000000b75a000 	/System/Library/Frameworks/ApplicationServices.framework/Versions/A/Frameworks/HIServices.framework/Versions/A/HIServices
0x000000000b75a000 	/System/Library/Frameworks/ApplicationServices.framework/Versions/A/Frameworks/LangAnalysis.framework/Versions/A/LangAnalysis
0x000000000b75a000 	/System/Library/Frameworks/ApplicationServices.framework/Versions/A/Frameworks/PrintCore.framework/Versions/A/PrintCore
0x000000000b75a000 	/System/Library/Frameworks/ApplicationServices.framework/Versions/A/Frameworks/QD.framework/Versions/A/QD
0x000000000b75a000 	/System/Library/Frameworks/ApplicationServices.framework/Versions/A/Frameworks/SpeechSynthesis.framework/Versions/A/SpeechSynthesis
0x000000000b75a000 	/System/Library/Frameworks/Metal.framework/Versions/A/Metal
0x000000000b75a000 	/System/Library/Frameworks/Accelerate.framework/Versions/A/Frameworks/vImage.framework/Versions/A/vImage
0x000000000b75a000 	/System/Library/Frameworks/Accelerate.framework/Versions/A/Frameworks/vecLib.framework/Versions/A/vecLib
0x000000000b75a000 	/System/Library/Frameworks/Accelerate.framework/Versions/A/Frameworks/vecLib.framework/Versions/A/libvDSP.dylib
0x000000000b75a000 	/System/Library/Frameworks/Accelerate.framework/Versions/A/Frameworks/vecLib.framework/Versions/A/libvMisc.dylib
0x000000000b75a000 	/System/Library/Frameworks/Accelerate.framework/Versions/A/Frameworks/vecLib.framework/Versions/A/libLAPACK.dylib
0x000000000b75a000 	/System/Library/Frameworks/Accelerate.framework/Versions/A/Frameworks/vecLib.framework/Versions/A/libBLAS.dylib
0x000000000b75a000 	/System/Library/Frameworks/Accelerate.framework/Versions/A/Frameworks/vecLib.framework/Versions/A/libLinearAlgebra.dylib
0x000000000b75a000 	/System/Library/Frameworks/Accelerate.framework/Versions/A/Frameworks/vecLib.framework/Versions/A/libSparseBLAS.dylib
0x000000000b75a000 	/System/Library/PrivateFrameworks/GPUCompiler.framework/libmetal_timestamp.dylib
0x000000000b75a000 	/System/Library/Frameworks/OpenGL.framework/Versions/A/Libraries/libCoreFSCache.dylib
0x000000000b75a000 	/System/Library/PrivateFrameworks/IOAccelerator.framework/Versions/A/IOAccelerator
0x000000000b75a000 	/System/Library/Frameworks/ApplicationServices.framework/Versions/A/Frameworks/ATS.framework/Versions/A/Resources/libFontParser.dylib
0x000000000b75a000 	/System/Library/Frameworks/ApplicationServices.framework/Versions/A/Frameworks/ATS.framework/Versions/A/Resources/libFontRegistry.dylib
0x000000000b75a000 	/System/Library/PrivateFrameworks/AppleVPA.framework/Versions/A/AppleVPA
0x000000000b75a000 	/System/Library/PrivateFrameworks/AppleJPEG.framework/Versions/A/AppleJPEG
0x000000000b75a000 	/System/Library/Frameworks/ImageIO.framework/Versions/A/Resources/libJPEG.dylib
0x000000000b75a000 	/System/Library/Frameworks/ImageIO.framework/Versions/A/Resources/libTIFF.dylib
0x000000000b75a000 	/System/Library/Frameworks/ImageIO.framework/Versions/A/Resources/libPng.dylib
0x000000000b75a000 	/System/Library/Frameworks/ImageIO.framework/Versions/A/Resources/libGIF.dylib
0x000000000b75a000 	/System/Library/Frameworks/ImageIO.framework/Versions/A/Resources/libJP2.dylib
0x000000000b75a000 	/System/Library/Frameworks/ImageIO.framework/Versions/A/Resources/libRadiance.dylib
0x000000000b75a000 	/System/Library/Frameworks/CoreVideo.framework/Versions/A/CoreVideo
0x000000000b75a000 	/System/Library/Frameworks/OpenGL.framework/Versions/A/Libraries/libGLU.dylib
0x000000000b75a000 	/System/Library/Frameworks/OpenGL.framework/Versions/A/Libraries/libGFXShared.dylib
0x000000000b75a000 	/System/Library/Frameworks/OpenGL.framework/Versions/A/Libraries/libGL.dylib
0x000000000b75a000 	/System/Library/Frameworks/OpenGL.framework/Versions/A/Libraries/libGLImage.dylib
0x000000000b75a000 	/System/Library/Frameworks/OpenGL.framework/Versions/A/Libraries/libCVMSPluginSupport.dylib
0x000000000b75a000 	/System/Library/Frameworks/OpenGL.framework/Versions/A/Libraries/libCoreVMClient.dylib
0x000000000b75a000 	/usr/lib/libcups.2.dylib
0x000000000b75a000 	/System/Library/Frameworks/Kerberos.framework/Versions/A/Kerberos
0x000000000b75a000 	/System/Library/Frameworks/GSS.framework/Versions/A/GSS
0x000000000b75a000 	/usr/lib/libresolv.9.dylib
0x000000000b75a000 	/usr/lib/libiconv.2.dylib
0x000000000b75a000 	/System/Library/PrivateFrameworks/Heimdal.framework/Versions/A/Heimdal
0x000000000b75a000 	/usr/lib/libheimdal-asn1.dylib
0x000000000b75a000 	/System/Library/Frameworks/OpenDirectory.framework/Versions/A/OpenDirectory
0x000000000b75a000 	/System/Library/PrivateFrameworks/CommonAuth.framework/Versions/A/CommonAuth
0x000000000b75a000 	/System/Library/Frameworks/OpenDirectory.framework/Versions/A/Frameworks/CFOpenDirectory.framework/Versions/A/CFOpenDirectory
0x000000000b75a000 	/System/Library/Frameworks/SecurityFoundation.framework/Versions/A/SecurityFoundation
0x000000000b75a000 	/System/Library/PrivateFrameworks/LanguageModeling.framework/Versions/A/LanguageModeling
0x000000000b75a000 	/usr/lib/libmarisa.dylib
0x000000000b75a000 	/usr/lib/libChineseTokenizer.dylib
0x000000000b75a000 	/usr/lib/libcmph.dylib
0x000000000b75a000 	/usr/lib/libcompression.dylib
0x000000000b75a000 	/System/Library/Frameworks/ServiceManagement.framework/Versions/A/ServiceManagement
0x000000000b75a000 	/usr/lib/libxslt.1.dylib
0x000000000b75a000 	/System/Library/Frameworks/Carbon.framework/Versions/A/Frameworks/Ink.framework/Versions/A/Ink
0x000000000b75a000 	/usr/lib/libFosl_dynamic.dylib
0x000000000b75a000 	/System/Library/PrivateFrameworks/FaceCore.framework/Versions/A/FaceCore
0x000000000b75a000 	/System/Library/Frameworks/OpenCL.framework/Versions/A/OpenCL
0x000000000b75a000 	/System/Library/PrivateFrameworks/CrashReporterSupport.framework/Versions/A/CrashReporterSupport
0x000000000b75a000 	/System/Library/PrivateFrameworks/IconServices.framework/Versions/A/IconServices
0x000000000b75a000 	/System/Library/PrivateFrameworks/Apple80211.framework/Versions/A/Apple80211
0x000000000b75a000 	/System/Library/Frameworks/CoreWLAN.framework/Versions/A/CoreWLAN
0x000000000b75a000 	/System/Library/Frameworks/IOBluetooth.framework/Versions/A/IOBluetooth
0x000000000b75a000 	/System/Library/PrivateFrameworks/CoreWiFi.framework/Versions/A/CoreWiFi
0x000000000b75a000 	/System/Library/Frameworks/CoreBluetooth.framework/Versions/A/CoreBluetooth
0x000000000b75a000 	/System/Library/PrivateFrameworks/ChunkingLibrary.framework/Versions/A/ChunkingLibrary
0x000000000b75a000 	/System/Library/PrivateFrameworks/DebugSymbols.framework/Versions/A/DebugSymbols
0x000000000b75a000 	/System/Library/PrivateFrameworks/CoreSymbolication.framework/Versions/A/CoreSymbolication
0x000000000b75a000 	/System/Library/PrivateFrameworks/Symbolication.framework/Versions/A/Symbolication
0x000000000b75a000 	/System/Library/PrivateFrameworks/SpeechRecognitionCore.framework/Versions/A/SpeechRecognitionCore
0x0000000109000000 	/Library/Java/JavaVirtualMachines/jdk1.8.0_60.jdk/Contents/Home/jre/lib/server/libjvm.dylib
0x000000000b75a000 	/usr/lib/libstdc++.6.dylib
0x0000000107e68000 	/Library/Java/JavaVirtualMachines/jdk1.8.0_60.jdk/Contents/Home/jre/lib/libverify.dylib
0x0000000107e76000 	/Library/Java/JavaVirtualMachines/jdk1.8.0_60.jdk/Contents/Home/jre/lib/libjava.dylib
0x0000000107eb5000 	/Library/Java/JavaVirtualMachines/jdk1.8.0_60.jdk/Contents/Home/jre/lib/libzip.dylib
0x0000000137a50000 	/System/Library/Frameworks/JavaVM.framework/Frameworks/JavaRuntimeSupport.framework/JavaRuntimeSupport
0x0000000137a6b000 	/System/Library/Frameworks/JavaVM.framework/Versions/A/Frameworks/JavaNativeFoundation.framework/Versions/A/JavaNativeFoundation
0x0000000137a80000 	/System/Library/Frameworks/JavaVM.framework/Versions/A/JavaVM
0x000000000b75a000 	/System/Library/Frameworks/Carbon.framework/Versions/A/Carbon
0x0000000137a8d000 	/System/Library/PrivateFrameworks/JavaLaunching.framework/Versions/A/JavaLaunching
0x000000000b75a000 	/System/Library/Frameworks/Carbon.framework/Versions/A/Frameworks/CommonPanels.framework/Versions/A/CommonPanels
0x000000000b75a000 	/System/Library/Frameworks/Carbon.framework/Versions/A/Frameworks/Help.framework/Versions/A/Help
0x000000000b75a000 	/System/Library/Frameworks/Carbon.framework/Versions/A/Frameworks/ImageCapture.framework/Versions/A/ImageCapture
0x000000000b75a000 	/System/Library/Frameworks/Carbon.framework/Versions/A/Frameworks/OpenScripting.framework/Versions/A/OpenScripting
0x000000000b75a000 	/System/Library/Frameworks/Carbon.framework/Versions/A/Frameworks/Print.framework/Versions/A/Print
0x000000000b75a000 	/System/Library/Frameworks/Carbon.framework/Versions/A/Frameworks/SecurityHI.framework/Versions/A/SecurityHI
0x00000001395f6000 	/Applications/IntelliJ IDEA 15.app/Contents/bin/libbreakgen64.jnilib
0x00000001395f9000 	/Library/Java/JavaVirtualMachines/jdk1.8.0_60.jdk/Contents/Home/jre/lib/libnet.dylib
0x0000000139658000 	/Library/Java/JavaVirtualMachines/jdk1.8.0_60.jdk/Contents/Home/jre/lib/libawt.dylib
0x0000000139700000 	/Library/Java/JavaVirtualMachines/jdk1.8.0_60.jdk/Contents/Home/jre/lib/./libmlib_image.dylib
0x00000001397cc000 	/Library/Java/JavaVirtualMachines/jdk1.8.0_60.jdk/Contents/Home/jre/lib/libawt_lwawt.dylib
0x0000000139881000 	/Library/Java/JavaVirtualMachines/jdk1.8.0_60.jdk/Contents/Home/jre/lib/./libosxapp.dylib
0x000000000b75a000 	/System/Library/Frameworks/ExceptionHandling.framework/Versions/A/ExceptionHandling
0x000000000b75a000 	/System/Library/PrivateFrameworks/CoreServicesInternal.framework/Versions/A/CoreServicesInternal
0x000000000b75a000 	/System/Library/Frameworks/CoreGraphics.framework/Versions/A/Resources/libRIP.A.dylib
0x000000000b75a000 	/System/Library/Frameworks/Accelerate.framework/Versions/A/Frameworks/vImage.framework/Versions/A/Libraries/libCGInterfaces.dylib
0x000000000b75a000 	/System/Library/Frameworks/CoreGraphics.framework/Versions/A/Resources/libCGXType.A.dylib
0x000000000b75a000 	/System/Library/Frameworks/OpenCL.framework/Versions/A/Libraries/libcldcpuengine.dylib
0x000000000b75a000 	/System/Library/PrivateFrameworks/DiskImages.framework/Versions/A/DiskImages
0x000000000b75a000 	/System/Library/Frameworks/DiscRecording.framework/Versions/A/DiscRecording
0x000000000b75a000 	/usr/lib/libcsfde.dylib
0x000000000b75a000 	/usr/lib/libcurl.4.dylib
0x000000000b75a000 	/System/Library/PrivateFrameworks/MediaKit.framework/Versions/A/MediaKit
0x000000000b75a000 	/System/Library/PrivateFrameworks/ProtectedCloudStorage.framework/Versions/A/ProtectedCloudStorage
0x000000000b75a000 	/usr/lib/libCoreStorage.dylib
0x000000000b75a000 	/System/Library/PrivateFrameworks/EFILogin.framework/Versions/A/EFILogin
0x000000000b75a000 	/usr/lib/libutil.dylib
0x000000000b75a000 	/System/Library/PrivateFrameworks/FindMyDevice.framework/Versions/A/FindMyDevice
0x000000000b75a000 	/System/Library/Frameworks/LDAP.framework/Versions/A/LDAP
0x000000000b75a000 	/usr/lib/libsasl2.2.dylib
0x000000000b75a000 	/System/Library/PrivateFrameworks/CoreDaemon.framework/Versions/B/CoreDaemon
0x000000000b75a000 	/usr/lib/libcrypto.0.9.8.dylib
0x000000000b75a000 	/System/Library/PrivateFrameworks/AppleSRP.framework/Versions/A/AppleSRP
0x000000000b75a000 	/System/Library/PrivateFrameworks/TrustEvaluationAgent.framework/Versions/A/TrustEvaluationAgent
0x000000013b23d000 	cl_kernels
0x000000000b75a000 	/System/Library/Frameworks/OpenCL.framework/Versions/A/Libraries/ImageFormats/unorm8_bgra.dylib
0x000000000b75a000 	/System/Library/Frameworks/OpenCL.framework/Versions/A/Libraries/ImageFormats/unorm8_rgba.dylib
0x000000000b75a000 	/System/Library/PrivateFrameworks/FamilyControls.framework/Versions/A/FamilyControls
0x000000000b75a000 	/System/Library/PrivateFrameworks/CommerceKit.framework/Versions/A/Frameworks/CommerceCore.framework/Versions/A/CommerceCore
0x000000000b75a000 	/System/Library/PrivateFrameworks/SystemAdministration.framework/Versions/A/SystemAdministration
0x000000000b75a000 	/System/Library/PrivateFrameworks/AppContainer.framework/Versions/A/AppContainer
0x000000000b75a000 	/System/Library/PrivateFrameworks/SecCodeWrapper.framework/Versions/A/SecCodeWrapper
0x000000000b75a000 	/System/Library/Frameworks/DirectoryService.framework/Versions/A/DirectoryService
0x000000000b75a000 	/System/Library/PrivateFrameworks/LoginUIKit.framework/Versions/A/Frameworks/LoginUICore.framework/Versions/A/LoginUICore
0x000000000b75a000 	/usr/lib/libodfde.dylib
0x000000013c2aa000 	/Library/Java/JavaVirtualMachines/jdk1.8.0_60.jdk/Contents/Home/jre/lib/libfontmanager.dylib
0x000000000b75a000 	/System/Library/Frameworks/OpenGL.framework/Versions/A/Resources/GLEngine.bundle/GLEngine
0x000000000b75a000 	/System/Library/Frameworks/OpenGL.framework/Versions/A/Libraries/libGLProgrammability.dylib
0x000000013c311000 	/System/Library/Extensions/AppleIntelHD5000GraphicsGLDriver.bundle/Contents/MacOS/AppleIntelHD5000GraphicsGLDriver
0x000000000b75a000 	/System/Library/PrivateFrameworks/GPUSupport.framework/Versions/A/Libraries/libGPUSupportMercury.dylib
0x000000000b75a000 	/System/Library/Frameworks/OpenGL.framework/Versions/A/Resources/GLRendererFloat.bundle/GLRendererFloat
0x000000013d2e4000 	/Library/Java/JavaVirtualMachines/jdk1.8.0_60.jdk/Contents/Home/jre/lib/libosxui.dylib
0x000000013dfb9000 	/Library/Java/JavaVirtualMachines/jdk1.8.0_60.jdk/Contents/Home/jre/lib/libnio.dylib
0x000000000b75a000 	/System/Library/Frameworks/ApplicationServices.framework/Versions/A/Frameworks/ATS.framework/Versions/A/Resources/libTrueTypeScaler.dylib
0x000000000b75a000 	/System/Library/PrivateFrameworks/CloudDocs.framework/Versions/A/CloudDocs
0x000000000b75a000 	/System/Library/PrivateFrameworks/CoreDuet.framework/Versions/A/CoreDuet
0x000000000b75a000 	/System/Library/Frameworks/CloudKit.framework/Versions/A/CloudKit
0x000000000b75a000 	/System/Library/PrivateFrameworks/ProtocolBuffer.framework/Versions/A/ProtocolBuffer
0x000000000b75a000 	/System/Library/PrivateFrameworks/CoreDuetDaemonProtocol.framework/Versions/A/CoreDuetDaemonProtocol
0x000000000b75a000 	/System/Library/PrivateFrameworks/CoreDuetDebugLogging.framework/Versions/A/CoreDuetDebugLogging
0x000000000b75a000 	/System/Library/PrivateFrameworks/MMCS.framework/Versions/A/MMCS
0x000000000b75a000 	/System/Library/Frameworks/CoreLocation.framework/Versions/A/CoreLocation
0x000000000b75a000 	/System/Library/PrivateFrameworks/AssetCacheServices.framework/Versions/A/AssetCacheServices
0x000000000b75a000 	/System/Library/PrivateFrameworks/GeoServices.framework/Versions/A/GeoServices
0x00000001af910000 	/Library/Java/JavaVirtualMachines/jdk1.8.0_60.jdk/Contents/Home/jre/lib/libosx.dylib
0x00000001b1953000 	/System/Library/Extensions/AppleIntelHD5000GraphicsMTLDriver.bundle/Contents/MacOS/AppleIntelHD5000GraphicsMTLDriver
0x00000001c0f73000 	/Library/Java/JavaVirtualMachines/jdk1.8.0_60.jdk/Contents/Home/jre/lib/libmanagement.dylib
0x00000001c1181000 	/Library/Java/JavaVirtualMachines/jdk1.8.0_60.jdk/Contents/Home/jre/lib/libinstrument.dylib
0x00000001c11a5000 	/Library/Java/JavaVirtualMachines/jdk1.8.0_60.jdk/Contents/Home/lib/visualvm/profiler/lib/deployed/jdk16/mac/libprofilerinterface.jnilib

VM Arguments:
jvm_args: -Xmx12g -Didea.launcher.port=7533 -Didea.launcher.bin.path=/Applications/IntelliJ IDEA 15.app/Contents/bin -Dfile.encoding=UTF-8 
java_command: com.intellij.rt.execution.application.AppMain org.apache.uima.tools.cpm.CpmFrame
java_class_path (initial): /Library/Java/JavaVirtualMachines/jdk1.8.0_60.jdk/Contents/Home/jre/lib/charsets.jar:/Library/Java/JavaVirtualMachines/jdk1.8.0_60.jdk/Contents/Home/jre/lib/deploy.jar:/Library/Java/JavaVirtualMachines/jdk1.8.0_60.jdk/Contents/Home/jre/lib/ext/cldrdata.jar:/Library/Java/JavaVirtualMachines/jdk1.8.0_60.jdk/Contents/Home/jre/lib/ext/dnsns.jar:/Library/Java/JavaVirtualMachines/jdk1.8.0_60.jdk/Contents/Home/jre/lib/ext/jaccess.jar:/Library/Java/JavaVirtualMachines/jdk1.8.0_60.jdk/Contents/Home/jre/lib/ext/jfxrt.jar:/Library/Java/JavaVirtualMachines/jdk1.8.0_60.jdk/Contents/Home/jre/lib/ext/localedata.jar:/Library/Java/JavaVirtualMachines/jdk1.8.0_60.jdk/Contents/Home/jre/lib/ext/nashorn.jar:/Library/Java/JavaVirtualMachines/jdk1.8.0_60.jdk/Contents/Home/jre/lib/ext/sunec.jar:/Library/Java/JavaVirtualMachines/jdk1.8.0_60.jdk/Contents/Home/jre/lib/ext/sunjce_provider.jar:/Library/Java/JavaVirtualMachines/jdk1.8.0_60.jdk/Contents/Home/jre/lib/ext/sunpkcs11.jar:/Library/Java/JavaVirtualMachines/jdk1.8.0_60.jdk/Contents/Home/jre/lib/ext/zipfs.jar:/Library/Java/JavaVirtualMachines/jdk1.8.0_60.jdk/Contents/Home/jre/lib/javaws.jar:/Library/Java/JavaVirtualMachines/jdk1.8.0_60.jdk/Contents/Home/jre/lib/jce.jar:/Library/Java/JavaVirtualMachines/jdk1.8.0_60.jdk/Contents/Home/jre/lib/jfr.jar:/Library/Java/JavaVirtualMachines/jdk1.8.0_60.jdk/Contents/Home/jre/lib/jfxswt.jar:/Library/Java/JavaVirtualMachines/jdk1.8.0_60.jdk/Contents/Home/jre/lib/jsse.jar:/Library/Java/JavaVirtualMachines/jdk1.8.0_60.jdk/Contents/Home/jre/lib/management-agent.jar:/Library/Java/JavaVirtualMachines/jdk1.8.0_60.jdk/Contents/Home/jre/lib/plugin.jar:/Library/Java/JavaVirtualMachines/jdk1.8.0_60.jdk/Contents/Home/jre/lib/resources.jar:/Library/Java/JavaVirtualMachines/jdk1.8.0_60.jdk/Contents/Home/jre/lib/rt.jar:/Library/Java/JavaVirtualMachines/jdk1.8.0_60.jdk/Contents/Home/lib/ant-javafx.jar:/Library/Java/JavaVirtualMachines/jdk1.8.0_60.jdk/Contents/Home/lib/dt.jar:/Library/Ja
Launcher Type: SUN_STANDARD

Environment Variables:
JAVA_HOME=/Library/Java/JavaVirtualMachines/jdk1.8.0_60.jdk/Contents/Home
PATH=/Library/Frameworks/Python.framework/Versions/2.7/bin:/Users/benknoll/Applications/scala-2.11.7/bin:/Users/benknoll/Applications/gradle-2.9/bin:/Users/benknoll/bin:/Users/benknoll/Applications/apache-maven-3.2.3/bin:/Library/Java/JavaVirtualMachines/jdk1.8.0_60.jdk/Contents/Home/bin:/usr/local/bin:/usr/bin:/bin:/usr/sbin:/sbin:/opt/X11/bin:/Library/TeX/texbin
SHELL=/bin/bash
DISPLAY=/private/tmp/com.apple.launchd.nhliU88MrG/org.macosforge.xquartz:0

Signal Handlers:
SIGSEGV: [libjvm.dylib+0x5a6d31], sa_mask[0]=11111111011111110111111111111111, sa_flags=SA_ONSTACK|SA_RESTART|SA_SIGINFO
SIGBUS: [libjvm.dylib+0x5a6d31], sa_mask[0]=11111111011111110111111111111111, sa_flags=SA_RESTART|SA_SIGINFO
SIGFPE: [libjvm.dylib+0x480a4c], sa_mask[0]=11111111011111110111111111111111, sa_flags=SA_RESTART|SA_SIGINFO
SIGPIPE: [libjvm.dylib+0x480a4c], sa_mask[0]=11111111011111110111111111111111, sa_flags=SA_RESTART|SA_SIGINFO
SIGXFSZ: [libjvm.dylib+0x480a4c], sa_mask[0]=11111111011111110111111111111111, sa_flags=SA_RESTART|SA_SIGINFO
SIGILL: [libjvm.dylib+0x480a4c], sa_mask[0]=11111111011111110111111111111111, sa_flags=SA_RESTART|SA_SIGINFO
SIGUSR1: SIG_DFL, sa_mask[0]=00000000000000000000000000000000, sa_flags=none
SIGUSR2: [libjvm.dylib+0x48056a], sa_mask[0]=00100000000000000000000000000000, sa_flags=SA_RESTART|SA_SIGINFO
SIGHUP: [libjvm.dylib+0x47eb41], sa_mask[0]=11111111011111110111111111111111, sa_flags=SA_RESTART|SA_SIGINFO
SIGINT: [libjvm.dylib+0x47eb41], sa_mask[0]=11111111011111110111111111111111, sa_flags=SA_RESTART|SA_SIGINFO
SIGTERM: [libjvm.dylib+0x47eb41], sa_mask[0]=11111111011111110111111111111111, sa_flags=SA_RESTART|SA_SIGINFO
SIGQUIT: [libjvm.dylib+0x47eb41], sa_mask[0]=11111111011111110111111111111111, sa_flags=SA_RESTART|SA_SIGINFO


---------------  S Y S T E M  ---------------

OS:Bsduname:Darwin 15.3.0 Darwin Kernel Version 15.3.0: Thu Dec 10 18:40:58 PST 2015; root:xnu-3248.30.4~1/RELEASE_X86_64 x86_64
rlimit: STACK 8192k, CORE 0k, NPROC 709, NOFILE 10240, AS infinity
load average:5.42 5.17 4.60

CPU:total 8 (4 cores per cpu, 2 threads per core) family 6 model 70 stepping 1, cmov, cx8, fxsr, mmx, sse, sse2, sse3, ssse3, sse4.1, sse4.2, popcnt, avx, avx2, aes, clmul, erms, lzcnt, ht, tsc, tscinvbit, bmi1, bmi2

Memory: 4k page, physical 16777216k(1477280k free)

/proc/meminfo:


vm_info: Java HotSpot(TM) 64-Bit Server VM (25.60-b23) for bsd-amd64 JRE (1.8.0_60-b27), built on Aug  4 2015 10:47:24 by "java_re" with gcc 4.2.1 (Based on Apple Inc. build 5658) (LLVM build 2336.11.00)

time: Mon Mar 21 10:20:05 2016
elapsed time: 269 seconds (0d 0h 4m 29s)

